<?xml version="1.0" encoding="UTF-8"?>
<testng-results skipped="0" failed="0" ignored="0" total="1" passed="1">
  <reporter-output>
    <line>
      <![CDATA[Actual ProductEdition : actiTIME 2017.4]]>
    </line>
    <line>
      <![CDATA[expected ProductEdition : actiTIME 2017.4]]>
    </line>
    <line>
      <![CDATA[testname : testCheckProductEdition]]>
    </line>
  </reporter-output>
  <suite name="Default suite" duration-ms="28799" started-at="2018-12-05T11:40:39Z" finished-at="2018-12-05T11:41:08Z">
    <groups>
    </groups>
    <test name="Default test" duration-ms="28799" started-at="2018-12-05T11:40:39Z" finished-at="2018-12-05T11:41:08Z">
      <class name="script.CheckProductEdition">
        <test-method status="PASS" signature="openApp()[pri:0, instance:script.CheckProductEdition@e874448]" name="openApp" is-config="true" duration-ms="18442" started-at="2018-12-05T11:40:39Z" finished-at="2018-12-05T11:40:57Z">
          <reporter-output>
          </reporter-output>
        </test-method> <!-- openApp -->
        <test-method status="PASS" signature="testCheckProductEdition()[pri:3, instance:script.CheckProductEdition@e874448]" name="testCheckProductEdition" duration-ms="10168" started-at="2018-12-05T11:40:57Z" finished-at="2018-12-05T11:41:08Z">
          <reporter-output>
            <line>
              <![CDATA[Actual ProductEdition : actiTIME 2017.4]]>
            </line>
            <line>
              <![CDATA[expected ProductEdition : actiTIME 2017.4]]>
            </line>
          </reporter-output>
        </test-method> <!-- testCheckProductEdition -->
        <test-method status="PASS" signature="closeApp(org.testng.ITestResult)[pri:0, instance:script.CheckProductEdition@e874448]" name="closeApp" is-config="true" duration-ms="152" started-at="2018-12-05T11:41:08Z" finished-at="2018-12-05T11:41:08Z">
          <params>
            <param index="0">
              <value>
                <![CDATA[[TestResult name=testCheckProductEdition status=SUCCESS method=CheckProductEdition.testCheckProductEdition()[pri:3, instance:script.CheckProductEdition@e874448] output=Actual ProductEdition : actiTIME 2017.4]]]>
              </value>
            </param>
          </params>
          <reporter-output>
            <line>
              <![CDATA[testname : testCheckProductEdition]]>
            </line>
          </reporter-output>
        </test-method> <!-- closeApp -->
        <test-method status="PASS" signature="print()[pri:0, instance:script.CheckProductEdition@e874448]" name="print" is-config="true" duration-ms="374" started-at="2018-12-05T11:41:08Z" finished-at="2018-12-05T11:41:08Z">
          <reporter-output>
          </reporter-output>
        </test-method> <!-- print -->
      </class> <!-- script.CheckProductEdition -->
    </test> <!-- Default test -->
  </suite> <!-- Default suite -->
</testng-results>
