<?xml version="1.0" encoding="UTF-8"?>
<testng-results skipped="0" failed="0" ignored="0" total="1" passed="1">
  <reporter-output>
    <line>
      <![CDATA[testname : testInValidLogin]]>
    </line>
  </reporter-output>
  <suite name="Default suite" duration-ms="24073" started-at="2018-12-04T10:54:17Z" finished-at="2018-12-04T10:54:41Z">
    <groups>
    </groups>
    <test name="Default test" duration-ms="24073" started-at="2018-12-04T10:54:17Z" finished-at="2018-12-04T10:54:41Z">
      <class name="script.InValidLogin">
        <test-method status="PASS" signature="openApp()[pri:0, instance:script.InValidLogin@4b553d26]" name="openApp" is-config="true" duration-ms="10390" started-at="2018-12-04T10:54:17Z" finished-at="2018-12-04T10:54:28Z">
          <reporter-output>
          </reporter-output>
        </test-method> <!-- openApp -->
        <test-method status="PASS" signature="testInValidLogin()[pri:2, instance:script.InValidLogin@4b553d26]" name="testInValidLogin" duration-ms="11517" started-at="2018-12-04T10:54:28Z" finished-at="2018-12-04T10:54:39Z">
          <reporter-output>
          </reporter-output>
        </test-method> <!-- testInValidLogin -->
        <test-method status="PASS" signature="closeApp(org.testng.ITestResult)[pri:0, instance:script.InValidLogin@4b553d26]" name="closeApp" is-config="true" duration-ms="2119" started-at="2018-12-04T10:54:39Z" finished-at="2018-12-04T10:54:41Z">
          <params>
            <param index="0">
              <value>
                <![CDATA[[TestResult name=testInValidLogin status=SUCCESS method=InValidLogin.testInValidLogin()[pri:2, instance:script.InValidLogin@4b553d26] output={null}]]]>
              </value>
            </param>
          </params>
          <reporter-output>
            <line>
              <![CDATA[testname : testInValidLogin]]>
            </line>
          </reporter-output>
        </test-method> <!-- closeApp -->
        <test-method status="PASS" signature="print()[pri:0, instance:script.InValidLogin@4b553d26]" name="print" is-config="true" duration-ms="316" started-at="2018-12-04T10:54:41Z" finished-at="2018-12-04T10:54:42Z">
          <reporter-output>
          </reporter-output>
        </test-method> <!-- print -->
      </class> <!-- script.InValidLogin -->
    </test> <!-- Default test -->
  </suite> <!-- Default suite -->
</testng-results>
